Arguments: 
  C:\Program Files\nodejs\node.exe C:\Program Files\nodejs\node_modules\yarn\bin\yarn.js install

PATH: 
  C:\Program Files\Parallels\Parallels Tools\Applications;C:\Program Files\Common Files\Microsoft Shared\Microsoft Online Services;C:\Program Files (x86)\Common Files\Microsoft Shared\Microsoft Online Services;C:\WINDOWS\system32;C:\WINDOWS;C:\WINDOWS\System32\Wbem;C:\WINDOWS\System32\WindowsPowerShell\v1.0\;C:\WINDOWS\System32\OpenSSH\;C:\Program Files\Microsoft SQL Server\Client SDK\ODBC\170\Tools\Binn\;C:\Program Files\Microsoft SQL Server\150\Tools\Binn\;C:\ProgramData\chocolatey\bin;C:\Program Files\Git\cmd;C:\ProgramData\nvm;C:\Program Files\nodejs;;C:\Program Files\Microsoft VS Code\bin;C:\Program Files (x86)\Microsoft SQL Server\150\DTS\Binn\;C:\Program Files\Azure Data Studio\bin;C:\Program Files\Microsoft SQL Server\120\Tools\Binn\;C:\Program Files\Microsoft SQL Server\130\Tools\Binn\;C:\Program Files (x86)\Microsoft SQL Server\150\Tools\Binn\;C:\Program Files\Microsoft SQL Server\150\DTS\Binn\;C:\WINDOWS\system32;C:\WINDOWS;C:\WINDOWS\System32\Wbem;C:\WINDOWS\System32\WindowsPowerShell\v1.0\;C:\WINDOWS\System32\OpenSSH\;C:\Program Files (x86)\PuTTY\;C:\Users\DavidHorton.AzureAD\AppData\Local\Microsoft\WindowsApps;C:\Users\DavidHorton.AzureAD\.dotnet\tools;C:\Users\DavidHorton.AzureAD\AppData\Local\Programs\Fiddler;C:\Python27;;C:\Program Files\Azure Data Studio\bin;C:\Users\DavidHorton.AzureAD\AppData\Local\Microsoft\WindowsApps;C:\Users\DavidHorton.AzureAD\.dotnet\tools;C:\Users\DavidHorton.AzureAD\AppData\Local\Programs\Microsoft VS Code\bin

Yarn version: 
  1.22.17

Node version: 
  12.21.0

Platform: 
  win32 x64

Trace: 
  Error: ENOENT: no such file or directory, scandir 'C:\source-code\daveops-site\node_modules\@bower_components'

npm manifest: 
  {
    "name": "package",
    "version": "1.0.0",
    "description": "My website that will be hosted on Azure! TODO: write up a blog post and documentation here on how things are built, deployed and hosted.",
    "dependencies": {
      "custombox": "^4.0.1",
      "foundation-sites": "^6.3.1",
      "jqcloud2": "^2.0.2",
      "jquery": "^2.2.0",
      "normalize.css": "^8.0.1",
      "typed.js": "^1.1.7",
      "what-input": "~4.0.3"
    },
    "devDependencies": {
      "gulp": "^4.0.2",
      "gulp-concat": "^2.6.1"
    },
    "scripts": {
      "test": "echo \"Error: no test specified\" && exit 1",
      "build": "npm install"
    },
    "repository": {
      "type": "git",
      "url": "git+https://github.com/daveops1/daveops-site.git"
    },
    "author": "",
    "license": "ISC",
    "bugs": {
      "url": "https://github.com/daveops1/daveops-site/issues"
    },
    "homepage": "https://github.com/daveops1/daveops-site#readme",
    "engines": {
      "yarn": ">= 1.0.0"
    }
  }

yarn manifest: 
  No manifest

Lockfile: 
  No lockfile
